Change Component Comment : Designator=C1 Old Comment=1uF New Comment=22uF
Change Component Comment : Designator=C2 Old Comment=1uF New Comment=22uF
Change Component Comment : Designator=PS1 Old Comment=AMS1117-3.3 New Comment=AMS1117-5.0
Change Component Comment : Designator=R2 Old Comment=Potentiometer New Comment=Pot
Change Component Designator: OldDesignator=555_SW NewDesignator=1
Change Component Designator: OldDesignator=C1 NewDesignator=C2
Change Component Designator: OldDesignator=C2 NewDesignator=C3
Change Component Designator: OldDesignator=C3 NewDesignator=C4
Change Component Designator: OldDesignator=C4 NewDesignator=C5
Change Component Designator: OldDesignator=OUTPUT_SW NewDesignator=OUTPUT_SW1
Change Component Designator: OldDesignator=POWER NewDesignator=POWER1
Change Component Designator: OldDesignator=R4 NewDesignator=R3
Change Component Designator: OldDesignator=R8 NewDesignator=R4
Change Component Designator: OldDesignator=TP2 NewDesignator=TP3
Change Component Designator: OldDesignator=TP3 NewDesignator=TP2
Change component parameters: Designator = "C1" ("C2"); Footprint = "1206_Passive_Capacitor"; UniqueID = "\HTUYWGOA" ("\HTUYWGOA")
Change component parameters (AddParameter): Name = "Digikey Link"; Value = "https://www.digikey.com/product-detail/en/C1206C105M4RACTU/399-8150-1-ND/3471873/?itemSeq=304982366"; VariantName = "[No Variations]"
Change component parameters (AddParameter): Name = "LCSC Part#"; Value = "C1848"; VariantName = "[No Variations]"
Change component parameters (AddParameter): Name = "MFR Part #"; Value = "CL31B105KBHNNNE"; VariantName = "[No Variations]"
Change component parameters (AddParameter): Name = "Type"; Value = "Basic"; VariantName = "[No Variations]"
Change component parameters (AddParameter): Name = "Value"; Value = "22uF"; VariantName = "[No Variations]"
Change component parameters: Designator = "C2" ("C3"); Footprint = "1206_Passive_Capacitor"; UniqueID = "\EQWKCEXK" ("\EQWKCEXK")
Change component parameters (AddParameter): Name = "Digikey Link"; Value = "https://www.digikey.com/product-detail/en/C1206C105M4RACTU/399-8150-1-ND/3471873/?itemSeq=304982366"; VariantName = "[No Variations]"
Change component parameters (AddParameter): Name = "LCSC Part#"; Value = "C1848"; VariantName = "[No Variations]"
Change component parameters (AddParameter): Name = "MFR Part #"; Value = "CL31B105KBHNNNE"; VariantName = "[No Variations]"
Change component parameters (AddParameter): Name = "Type"; Value = "Basic"; VariantName = "[No Variations]"
Change component parameters (AddParameter): Name = "Value"; Value = "22uF"; VariantName = "[No Variations]"
Change component parameters: Designator = "PS1" ("PS1"); Footprint = "LDO"; UniqueID = "\VFVDYCYE" ("\VFVDYCYE")
Change component parameters (AddParameter): Name = "LCSC Part#"; Value = "C6187"; VariantName = "[No Variations]"
Change component parameters (AddParameter): Name = "MFR Part #"; Value = "AMS1117-5.0"; VariantName = "[No Variations]"
Change component parameters (AddParameter): Name = "Type"; Value = "Basic"; VariantName = "[No Variations]"
Change component parameters (AddParameter): Name = "Value"; Value = "IC REG LINEAR 5V 1A SOT223"; VariantName = "[No Variations]"
Added Component: Designator=C1(1206_Passive_Capacitor)
Add component (AddParameter): Name = "Digikey Link"; Value = "https://www.digikey.com/product-detail/en/C1206C105M4RACTU/399-8150-1-ND/3471873/?itemSeq=304982366"; VariantName = "[No Variations]"
Add component (AddParameter): Name = "LCSC Part#"; Value = "C1848"; VariantName = "[No Variations]"
Add component (AddParameter): Name = "MFR Part #"; Value = "CL31B105KBHNNNE"; VariantName = "[No Variations]"
Add component (AddParameter): Name = "Type"; Value = "Basic"; VariantName = "[No Variations]"
Add component (AddParameter): Name = "Value"; Value = "10uF"; VariantName = "[No Variations]"
Added Pin To Net: NetName=GND Pin=C1-2
Change Net Name : Old Net Name=Net555_SW_1 New Net Name=Net1_1
Change Net Name : Old Net Name=NetC3_2 New Net Name=NetC4_2
Change Net Name : Old Net Name=NetC4_2 New Net Name=NetC5_2
Change Net Name : Old Net Name=NetOUTPUT_SW_1 New Net Name=NetOUTPUT_SW1_1
Added Pin To Net: NetName=NetC1_1 Pin=C1-1
Added Pin To Net: NetName=NetC1_1 Pin=P1-1
Added Pin To Net: NetName=NetC1_1 Pin=PS1-3
Added Net: Name=NetC1_1
Added Member To Class: ClassName=ne555 Member=Component C5 0.1uF
