Removed Pin From Net: NetName=GND Pin=LED2-2
Removed Pin From Net: NetName=GND Pin=LED3-2
Removed Pin From Net: NetName=GND Pin=LED4-2
Removed Pin From Net: NetName=GND Pin=LED5-2
Removed Pin From Net: NetName=GND Pin=LED6-2
Removed Pin From Net: NetName=GND Pin=LED7-2
Removed Pin From Net: NetName=NetLED2_1 Pin=R2-1
Removed Pin From Net: NetName=NetLED3_1 Pin=R3-1
Removed Pin From Net: NetName=NetLED4_1 Pin=R4-1
Removed Pin From Net: NetName=NetLED5_1 Pin=R6-1
Removed Pin From Net: NetName=NetLED6_1 Pin=R7-1
Removed Pin From Net: NetName=NetLED7_1 Pin=R10-1
Added Component: Designator=TP7(TP10x_Probe)
Added Component: Designator=TP8(TP10x_Probe)
Added Pin To Net: NetName=GND Pin=R2-1
Added Pin To Net: NetName=GND Pin=R3-1
Added Pin To Net: NetName=GND Pin=R4-1
Added Pin To Net: NetName=GND Pin=R6-1
Added Pin To Net: NetName=GND Pin=R7-1
Added Pin To Net: NetName=GND Pin=R10-1
Added Pin To Net: NetName=GND Pin=TP7-2
Added Pin To Net: NetName=GND Pin=TP7-2
Added Pin To Net: NetName=GND Pin=TP7-2
Added Pin To Net: NetName=GND Pin=TP8-2
Added Pin To Net: NetName=GND Pin=TP8-2
Added Pin To Net: NetName=GND Pin=TP8-2
Added Pin To Net: NetName=NetLED4_1 Pin=U1-8
Added Pin To Net: NetName=NetLED3_1 Pin=U1-10
Added Pin To Net: NetName=NetLED2_1 Pin=U1-12
Added Pin To Net: NetName=NetLED7_1 Pin=U2-8
Added Pin To Net: NetName=NetLED6_1 Pin=U2-10
Added Pin To Net: NetName=NetLED5_1 Pin=U2-12
Added Pin To Net: NetName=NetLED2_2 Pin=LED2-2
Added Pin To Net: NetName=NetLED2_2 Pin=R2-2
Added Net: Name=NetLED2_2
Added Pin To Net: NetName=NetLED3_2 Pin=LED3-2
Added Pin To Net: NetName=NetLED3_2 Pin=R3-2
Added Net: Name=NetLED3_2
Added Pin To Net: NetName=NetLED4_2 Pin=LED4-2
Added Pin To Net: NetName=NetLED4_2 Pin=R4-2
Added Pin To Net: NetName=NetLED4_2 Pin=TP7-1
Added Net: Name=NetLED4_2
Added Pin To Net: NetName=NetLED5_2 Pin=LED5-2
Added Pin To Net: NetName=NetLED5_2 Pin=R6-2
Added Net: Name=NetLED5_2
Added Pin To Net: NetName=NetLED6_2 Pin=LED6-2
Added Pin To Net: NetName=NetLED6_2 Pin=R7-2
Added Net: Name=NetLED6_2
Added Pin To Net: NetName=NetLED7_2 Pin=LED7-2
Added Pin To Net: NetName=NetLED7_2 Pin=R10-2
Added Pin To Net: NetName=NetLED7_2 Pin=TP8-1
Added Net: Name=NetLED7_2
Added Member To Class: ClassName=board2_schematic Member=Component TP7 10x Probe TP
Added Member To Class: ClassName=board2_schematic Member=Component TP8 10x Probe TP
