This is pdfTeX, Version 3.141592653-2.6-1.40.22 (TeX Live 2022/dev/Debian) (preloaded format=pdflatex 2024.3.17)  15 APR 2024 23:54
entering extended mode
 restricted \write18 enabled.
 file:line:error style messages enabled.
 %&-line parsing enabled.
**/home/parth/Work/All_Data/university/PCB_ECEN5730/labs/brd3_golder_arduino/brd3_golderarduino_report/brd3_golderarduino_report.tex
(/home/parth/Work/All_Data/university/PCB_ECEN5730/labs/brd3_golder_arduino/brd3_golderarduino_report/brd3_golderarduino_report.tex
LaTeX2e <2021-11-15> patch level 1
L3 programming layer <2022-01-21> (/usr/share/texlive/texmf-dist/tex/latex/base/article.cls
Document Class: article 2021/10/04 v1.4n Standard LaTeX document class
(/usr/share/texlive/texmf-dist/tex/latex/base/size11.clo
File: size11.clo 2021/10/04 v1.4n Standard LaTeX file (size option)
)
\c@part=\count185
\c@section=\count186
\c@subsection=\count187
\c@subsubsection=\count188
\c@paragraph=\count189
\c@subparagraph=\count190
\c@figure=\count191
\c@table=\count192
\abovecaptionskip=\skip47
\belowcaptionskip=\skip48
\bibindent=\dimen138
) (./settings/packages.tex (/usr/share/texlive/texmf-dist/tex/latex/blindtext/blindtext.sty
Package: blindtext 2012/01/06 V2.0 blindtext-Package
 (/usr/share/texlive/texmf-dist/tex/latex/tools/xspace.sty
Package: xspace 2014/10/28 v1.13 Space after command names (DPC,MH)
)
\c@blindtext=\count193
\c@Blindtext=\count194
\c@blind@countparstart=\count195
\blind@countxx=\count196
\blindtext@numBlindtext=\count197
\blind@countyy=\count198
\c@blindlist=\count199
\c@blindlistlevel=\count266
\c@blindlist@level=\count267
\blind@listitem=\count268
\c@blind@listcount=\count269
\c@blind@levelcount=\count270
\blind@mathformula=\count271
\blind@Mathformula=\count272
\c@blind@randomcount=\count273
\c@blind@randommax=\count274
\c@blind@pangramcount=\count275
\c@blind@pangrammax=\count276
) (/usr/share/texlive/texmf-dist/tex/latex/amsmath/amsmath.sty
Package: amsmath 2021/10/15 v2.17l AMS math features
\@mathmargin=\skip49

For additional information on amsmath, use the `?' option.
(/usr/share/texlive/texmf-dist/tex/latex/amsmath/amstext.sty
Package: amstext 2021/08/26 v2.01 AMS text
 (/usr/share/texlive/texmf-dist/tex/latex/amsmath/amsgen.sty
File: amsgen.sty 1999/11/30 v2.0 generic functions
\@emptytoks=\toks16
\ex@=\dimen139
)) (/usr/share/texlive/texmf-dist/tex/latex/amsmath/amsbsy.sty
Package: amsbsy 1999/11/29 v1.2d Bold Symbols
\pmbraise@=\dimen140
) (/usr/share/texlive/texmf-dist/tex/latex/amsmath/amsopn.sty
Package: amsopn 2021/08/26 v2.02 operator names
)
\inf@bad=\count277
LaTeX Info: Redefining \frac on input line 234.
\uproot@=\count278
\leftroot@=\count279
LaTeX Info: Redefining \overline on input line 399.
\classnum@=\count280
\DOTSCASE@=\count281
LaTeX Info: Redefining \ldots on input line 496.
LaTeX Info: Redefining \dots on input line 499.
LaTeX Info: Redefining \cdots on input line 620.
\Mathstrutbox@=\box50
\strutbox@=\box51
\big@size=\dimen141
LaTeX Font Info:    Redeclaring font encoding OML on input line 743.
LaTeX Font Info:    Redeclaring font encoding OMS on input line 744.
\macc@depth=\count282
\c@MaxMatrixCols=\count283
\dotsspace@=\muskip16
\c@parentequation=\count284
\dspbrk@lvl=\count285
\tag@help=\toks17
\row@=\count286
\column@=\count287
\maxfields@=\count288
\andhelp@=\toks18
\eqnshift@=\dimen142
\alignsep@=\dimen143
\tagshift@=\dimen144
\tagwidth@=\dimen145
\totwidth@=\dimen146
\lineht@=\dimen147
\@envbody=\toks19
\multlinegap=\skip50
\multlinetaggap=\skip51
\mathdisplay@stack=\toks20
LaTeX Info: Redefining \[ on input line 2938.
LaTeX Info: Redefining \] on input line 2939.
) (/usr/share/texlive/texmf-dist/tex/latex/amsfonts/amssymb.sty
Package: amssymb 2013/01/14 v3.01 AMS font symbols
 (/usr/share/texlive/texmf-dist/tex/latex/amsfonts/amsfonts.sty
Package: amsfonts 2013/01/14 v3.01 Basic AMSFonts support
\symAMSa=\mathgroup4
\symAMSb=\mathgroup5
LaTeX Font Info:    Redeclaring math symbol \hbar on input line 98.
LaTeX Font Info:    Overwriting math alphabet `\mathfrak' in version `bold'
(Font)                  U/euf/m/n --> U/euf/b/n on input line 106.
)) (/usr/share/texlive/texmf-dist/tex/latex/hyperref/hyperref.sty
Package: hyperref 2021-06-07 v7.00m Hypertext links for LaTeX
 (/usr/share/texlive/texmf-dist/tex/generic/ltxcmds/ltxcmds.sty
Package: ltxcmds 2020-05-10 v1.25 LaTeX kernel commands for general use (HO)
) (/usr/share/texlive/texmf-dist/tex/generic/iftex/iftex.sty
Package: iftex 2020/03/06 v1.0d TeX engine tests
) (/usr/share/texlive/texmf-dist/tex/generic/pdftexcmds/pdftexcmds.sty
Package: pdftexcmds 2020-06-27 v0.33 Utility functions of pdfTeX for LuaTeX (HO)
 (/usr/share/texlive/texmf-dist/tex/generic/infwarerr/infwarerr.sty
Package: infwarerr 2019/12/03 v1.5 Providing info/warning/error messages (HO)
)
Package pdftexcmds Info: \pdf@primitive is available.
Package pdftexcmds Info: \pdf@ifprimitive is available.
Package pdftexcmds Info: \pdfdraftmode found.
) (/usr/share/texlive/texmf-dist/tex/latex/graphics/keyval.sty
Package: keyval 2014/10/28 v1.15 key=value parser (DPC)
\KV@toks@=\toks21
) (/usr/share/texlive/texmf-dist/tex/generic/kvsetkeys/kvsetkeys.sty
Package: kvsetkeys 2019/12/15 v1.18 Key value parser (HO)
) (/usr/share/texlive/texmf-dist/tex/generic/kvdefinekeys/kvdefinekeys.sty
Package: kvdefinekeys 2019-12-19 v1.6 Define keys (HO)
) (/usr/share/texlive/texmf-dist/tex/generic/pdfescape/pdfescape.sty
Package: pdfescape 2019/12/09 v1.15 Implements pdfTeX's escape features (HO)
) (/usr/share/texlive/texmf-dist/tex/latex/hycolor/hycolor.sty
Package: hycolor 2020-01-27 v1.10 Color options for hyperref/bookmark (HO)
) (/usr/share/texlive/texmf-dist/tex/latex/letltxmacro/letltxmacro.sty
Package: letltxmacro 2019/12/03 v1.6 Let assignment for LaTeX macros (HO)
) (/usr/share/texlive/texmf-dist/tex/latex/auxhook/auxhook.sty
Package: auxhook 2019-12-17 v1.6 Hooks for auxiliary files (HO)
) (/usr/share/texlive/texmf-dist/tex/latex/kvoptions/kvoptions.sty
Package: kvoptions 2020-10-07 v3.14 Key value format for package options (HO)
)
\@linkdim=\dimen148
\Hy@linkcounter=\count289
\Hy@pagecounter=\count290
 (/usr/share/texlive/texmf-dist/tex/latex/hyperref/pd1enc.def
File: pd1enc.def 2021-06-07 v7.00m Hyperref: PDFDocEncoding definition (HO)
Now handling font encoding PD1 ...
... no UTF-8 mapping file for font encoding PD1
) (/usr/share/texlive/texmf-dist/tex/latex/hyperref/hyperref-langpatches.def
File: hyperref-langpatches.def 2021-06-07 v7.00m Hyperref: patches for babel languages
) (/usr/share/texlive/texmf-dist/tex/generic/intcalc/intcalc.sty
Package: intcalc 2019/12/15 v1.3 Expandable calculations with integers (HO)
) (/usr/share/texlive/texmf-dist/tex/generic/etexcmds/etexcmds.sty
Package: etexcmds 2019/12/15 v1.7 Avoid name clashes with e-TeX commands (HO)
)
\Hy@SavedSpaceFactor=\count291
 (/usr/share/texlive/texmf-dist/tex/latex/hyperref/puenc.def
File: puenc.def 2021-06-07 v7.00m Hyperref: PDF Unicode definition (HO)
Now handling font encoding PU ...
... no UTF-8 mapping file for font encoding PU
)
Package hyperref Info: Option `colorlinks' set `true' on input line 4073.
Package hyperref Info: Option `breaklinks' set `true' on input line 4073.
Package hyperref Info: Hyper figures OFF on input line 4192.
Package hyperref Info: Link nesting OFF on input line 4197.
Package hyperref Info: Hyper index ON on input line 4200.
Package hyperref Info: Plain pages OFF on input line 4207.
Package hyperref Info: Backreferencing OFF on input line 4212.
Package hyperref Info: Implicit mode ON; LaTeX internals redefined.
Package hyperref Info: Bookmarks ON on input line 4445.
\c@Hy@tempcnt=\count292
 (/usr/share/texlive/texmf-dist/tex/latex/url/url.sty
\Urlmuskip=\muskip17
Package: url 2013/09/16  ver 3.4  Verb mode for urls, etc.
)
LaTeX Info: Redefining \url on input line 4804.
\XeTeXLinkMargin=\dimen149
 (/usr/share/texlive/texmf-dist/tex/generic/bitset/bitset.sty
Package: bitset 2019/12/09 v1.3 Handle bit-vector datatype (HO)
 (/usr/share/texlive/texmf-dist/tex/generic/bigintcalc/bigintcalc.sty
Package: bigintcalc 2019/12/15 v1.5 Expandable calculations on big integers (HO)
))
\Fld@menulength=\count293
\Field@Width=\dimen150
\Fld@charsize=\dimen151
Package hyperref Info: Hyper figures OFF on input line 6076.
Package hyperref Info: Link nesting OFF on input line 6081.
Package hyperref Info: Hyper index ON on input line 6084.
Package hyperref Info: backreferencing OFF on input line 6091.
Package hyperref Info: Link coloring ON on input line 6094.
Package hyperref Info: Link coloring with OCG OFF on input line 6101.
Package hyperref Info: PDF/A mode OFF on input line 6106.
LaTeX Info: Redefining \ref on input line 6146.
LaTeX Info: Redefining \pageref on input line 6150.
 (/usr/share/texlive/texmf-dist/tex/latex/base/atbegshi-ltx.sty
Package: atbegshi-ltx 2021/01/10 v1.0c Emulation of the original atbegshi
package with kernel methods
)
\Hy@abspage=\count294
\c@Item=\count295
\c@Hfootnote=\count296
)
Package hyperref Info: Driver (autodetected): hpdftex.
 (/usr/share/texlive/texmf-dist/tex/latex/hyperref/hpdftex.def
File: hpdftex.def 2021-06-07 v7.00m Hyperref driver for pdfTeX
 (/usr/share/texlive/texmf-dist/tex/latex/base/atveryend-ltx.sty
Package: atveryend-ltx 2020/08/19 v1.0a Emulation of the original atveryend package
with kernel methods
)
\Fld@listcount=\count297
\c@bookmark@seq@number=\count298
 (/usr/share/texlive/texmf-dist/tex/latex/rerunfilecheck/rerunfilecheck.sty
Package: rerunfilecheck 2019/12/05 v1.9 Rerun checks for auxiliary files (HO)
 (/usr/share/texlive/texmf-dist/tex/generic/uniquecounter/uniquecounter.sty
Package: uniquecounter 2019/12/15 v1.4 Provide unlimited unique counter (HO)
)
Package uniquecounter Info: New unique counter `rerunfilecheck' on input line 286.
)
\Hy@SectionHShift=\skip52
) (/usr/share/texlive/texmf-dist/tex/latex/breakurl/breakurl.sty
Package: breakurl 2013/04/10 v1.40 Breakable hyperref URLs
 (/usr/share/texlive/texmf-dist/tex/latex/xkeyval/xkeyval.sty
Package: xkeyval 2020/11/20 v2.8 package option processing (HA)
 (/usr/share/texlive/texmf-dist/tex/generic/xkeyval/xkeyval.tex (/usr/share/texlive/texmf-dist/tex/generic/xkeyval/xkvutils.tex
\XKV@toks=\toks22
\XKV@tempa@toks=\toks23
)
\XKV@depth=\count299
File: xkeyval.tex 2014/12/03 v2.7a key=value parser (HA)
)) (/usr/share/texlive/texmf-dist/tex/generic/iftex/ifpdf.sty
Package: ifpdf 2019/10/25 v3.4 ifpdf legacy package. Use iftex instead.
)

Package breakurl Warning: You are using breakurl while processing via pdflatex.
(breakurl)                \burl will be just a synonym of \url.
(breakurl)                 on input line 48.

) (/usr/share/texlive/texmf-dist/tex/latex/xcolor/xcolor.sty
Package: xcolor 2021/10/31 v2.13 LaTeX color extensions (UK)
 (/usr/share/texlive/texmf-dist/tex/latex/graphics-cfg/color.cfg
File: color.cfg 2016/01/02 v1.6 sample color configuration
)
Package xcolor Info: Driver file: pdftex.def on input line 227.
 (/usr/share/texlive/texmf-dist/tex/latex/graphics-def/pdftex.def
File: pdftex.def 2020/10/05 v1.2a Graphics/color driver for pdftex
)
Package xcolor Info: Model `cmy' substituted by `cmy0' on input line 1352.
Package xcolor Info: Model `hsb' substituted by `rgb' on input line 1356.
Package xcolor Info: Model `RGB' extended on input line 1368.
Package xcolor Info: Model `HTML' substituted by `rgb' on input line 1370.
Package xcolor Info: Model `Hsb' substituted by `hsb' on input line 1371.
Package xcolor Info: Model `tHsb' substituted by `hsb' on input line 1372.
Package xcolor Info: Model `HSB' substituted by `hsb' on input line 1373.
Package xcolor Info: Model `Gray' substituted by `gray' on input line 1374.
Package xcolor Info: Model `wave' substituted by `hsb' on input line 1375.
) (/usr/share/texlive/texmf-dist/tex/latex/natbib/natbib.sty
Package: natbib 2010/09/13 8.31b (PWD, AO)
\bibhang=\skip53
\bibsep=\skip54
LaTeX Info: Redefining \cite on input line 694.
\c@NAT@ctr=\count300
) (/usr/share/texlive/texmf-dist/tex/latex/tocbibind/tocbibind.sty
Package: tocbibind 2010/10/13 v1.5k extra ToC listings
Package tocbibind Info: The document has section divisions on input line 50.


Package tocbibind Note: Using section or other style headings.

) (/usr/share/texlive/texmf-dist/tex/latex/graphics/graphicx.sty
Package: graphicx 2021/09/16 v1.2d Enhanced LaTeX Graphics (DPC,SPQR)
 (/usr/share/texlive/texmf-dist/tex/latex/graphics/graphics.sty
Package: graphics 2021/03/04 v1.4d Standard LaTeX Graphics (DPC,SPQR)
 (/usr/share/texlive/texmf-dist/tex/latex/graphics/trig.sty
Package: trig 2021/08/11 v1.11 sin cos tan (DPC)
) (/usr/share/texlive/texmf-dist/tex/latex/graphics-cfg/graphics.cfg
File: graphics.cfg 2016/06/04 v1.11 sample graphics configuration
)
Package graphics Info: Driver file: pdftex.def on input line 107.
)
\Gin@req@height=\dimen152
\Gin@req@width=\dimen153
) (/usr/share/texlive/texmf-dist/tex/latex/tools/longtable.sty
Package: longtable 2021-09-01 v4.17 Multi-page Table package (DPC)
\LTleft=\skip55
\LTright=\skip56
\LTpre=\skip57
\LTpost=\skip58
\LTchunksize=\count301
\LTcapwidth=\dimen154
\LT@head=\box52
\LT@firsthead=\box53
\LT@foot=\box54
\LT@lastfoot=\box55
\LT@gbox=\box56
\LT@cols=\count302
\LT@rows=\count303
\c@LT@tables=\count304
\c@LT@chunks=\count305
\LT@p@ftn=\toks24
) (/usr/share/texlive/texmf-dist/tex/latex/multirow/bigstrut.sty
Package: bigstrut 2021/03/15 v2.8 Provide larger struts in tabulars
\bigstrutjot=\dimen155
) (/usr/share/texlive/texmf-dist/tex/latex/tools/enumerate.sty
Package: enumerate 2015/07/23 v3.00 enumerate extensions (DPC)
\@enLab=\toks25
) (/usr/share/texlive/texmf-dist/tex/latex/base/makeidx.sty
Package: makeidx 2021/10/04 v1.0m Standard LaTeX package
)
\@indexfile=\write3
\openout3 = `brd3_golderarduino_report.idx'.


Writing index file brd3_golderarduino_report.idx
(/usr/share/texlive/texmf-dist/tex/latex/was/gensymb.sty
Package: gensymb 2003/07/02 v1.0 (WaS)
) (/usr/share/texlive/texmf-dist/tex/latex/psfrag/psfrag.sty
Package: psfrag 1998/04/11 v3.04 PSfrag (MCG)
\pfg@pcount=\count306
\pfg@scount=\count307
\pfg@temp=\write4
) (/usr/share/texlive/texmf-dist/tex/latex/multirow/multirow.sty
Package: multirow 2021/03/15 v2.8 Span multiple rows of a table
\multirow@colwidth=\skip59
\multirow@cntb=\count308
\multirow@dima=\skip60
)) (/usr/share/texlive/texmf-dist/tex/latex/subfigure/subfigure.sty
Package: subfigure 2002/03/15 v2.1.5 subfigure package
\subfigtopskip=\skip61
\subfigcapskip=\skip62
\subfigcaptopadj=\dimen156
\subfigbottomskip=\skip63
\subfigcapmargin=\dimen157
\subfiglabelskip=\skip64
\c@subfigure=\count309
\c@lofdepth=\count310
\c@subtable=\count311
\c@lotdepth=\count312

****************************************
* Local config file subfigure.cfg used *
****************************************
(/usr/share/texlive/texmf-dist/tex/latex/subfigure/subfigure.cfg)
\subfig@top=\skip65
\subfig@bottom=\skip66
) (./settings/page.tex (/usr/share/texlive/texmf-dist/tex/latex/geometry/geometry.sty
Package: geometry 2020/01/02 v5.9 Page Geometry
 (/usr/share/texlive/texmf-dist/tex/generic/iftex/ifvtex.sty
Package: ifvtex 2019/10/25 v1.7 ifvtex legacy package. Use iftex instead.
)
\Gm@cnth=\count313
\Gm@cntv=\count314
\c@Gm@tempcnt=\count315
\Gm@bindingoffset=\dimen158
\Gm@wd@mp=\dimen159
\Gm@odd@mp=\dimen160
\Gm@even@mp=\dimen161
\Gm@layoutwidth=\dimen162
\Gm@layoutheight=\dimen163
\Gm@layouthoffset=\dimen164
\Gm@layoutvoffset=\dimen165
\Gm@dimlist=\toks26
)) (/usr/share/texlive/texmf-dist/tex/latex/fancyhdr/fancyhdr.sty
Package: fancyhdr 2021/01/28 v4.0.1 Extensive control of page headers and footers
\f@nch@headwidth=\skip67
\f@nch@O@elh=\skip68
\f@nch@O@erh=\skip69
\f@nch@O@olh=\skip70
\f@nch@O@orh=\skip71
\f@nch@O@elf=\skip72
\f@nch@O@erf=\skip73
\f@nch@O@olf=\skip74
\f@nch@O@orf=\skip75
) (./settings/macros.tex) (/usr/share/texlive/texmf-dist/tex/latex/matlab-prettifier/matlab-prettifier.sty
Package: matlab-prettifier 2014/06/19 v0.3 A package for prettyprinting Matlab source code
 (/usr/share/texlive/texmf-dist/tex/latex/base/textcomp.sty
Package: textcomp 2020/02/02 v2.0n Standard LaTeX package
) (/usr/share/texlive/texmf-dist/tex/latex/listings/listings.sty
\lst@mode=\count316
\lst@gtempboxa=\box57
\lst@token=\toks27
\lst@length=\count317
\lst@currlwidth=\dimen166
\lst@column=\count318
\lst@pos=\count319
\lst@lostspace=\dimen167
\lst@width=\dimen168
\lst@newlines=\count320
\lst@lineno=\count321
\lst@maxwidth=\dimen169
 (/usr/share/texlive/texmf-dist/tex/latex/listings/lstmisc.sty
File: lstmisc.sty 2020/03/24 1.8d (Carsten Heinz)
\c@lstnumber=\count322
\lst@skipnumbers=\count323
\lst@framebox=\box58
) (/usr/share/texlive/texmf-dist/tex/latex/listings/listings.cfg
File: listings.cfg 2020/03/24 1.8d listings configuration
))
Package: listings 2020/03/24 1.8d (Carsten Heinz)
\netBracketCount@mlpr=\count324
\blkLvl@mlpr=\count325
\blkLvlAtClassdef@mlpr=\count326
\emHeight@mlpr=\skip76
\jayDepth@mlpr=\skip77
\sectionRuleOffset@mlpr=\skip78
\toks@mlpr=\toks28
) (/usr/share/texlive/texmf-dist/tex/latex/physics/physics.sty
Package: physics 
 (/usr/share/texlive/texmf-dist/tex/latex/l3packages/xparse/xparse.sty (/usr/share/texlive/texmf-dist/tex/latex/l3kernel/expl3.sty
Package: expl3 2022-01-21 L3 programming layer (loader) 
 (/usr/share/texlive/texmf-dist/tex/latex/l3backend/l3backend-pdftex.def
File: l3backend-pdftex.def 2022-01-12 L3 backend support: PDF output (pdfTeX)
\l__color_backend_stack_int=\count327
\l__pdf_internal_box=\box59
))
Package: xparse 2022-01-12 L3 Experimental document command parser
)) (/usr/share/texlive/texmf-dist/tex/latex/pdfpages/pdfpages.sty
Package: pdfpages 2022/01/29 v0.5u Insert pages of external PDF documents (AM)
 (/usr/share/texlive/texmf-dist/tex/latex/base/ifthen.sty
Package: ifthen 2020/11/24 v1.1c Standard LaTeX ifthen package (DPC)
) (/usr/share/texlive/texmf-dist/tex/latex/tools/calc.sty
Package: calc 2017/05/25 v4.3 Infix arithmetic (KKT,FJ)
\calc@Acount=\count328
\calc@Bcount=\count329
\calc@Adimen=\dimen170
\calc@Bdimen=\dimen171
\calc@Askip=\skip79
\calc@Bskip=\skip80
LaTeX Info: Redefining \setlength on input line 80.
LaTeX Info: Redefining \addtolength on input line 81.
\calc@Ccount=\count330
\calc@Cskip=\skip81
) (/usr/share/texlive/texmf-dist/tex/latex/eso-pic/eso-pic.sty
Package: eso-pic 2020/10/14 v3.0a eso-pic (RN)
\ESO@tempdima=\dimen172
\ESO@tempdimb=\dimen173
)
\AM@pagewidth=\dimen174
\AM@pageheight=\dimen175
\AM@fboxrule=\dimen176
 (/usr/share/texlive/texmf-dist/tex/latex/pdfpages/pppdftex.def
File: pppdftex.def 2022/01/29 v0.5u Pdfpages driver for pdfTeX (AM)
)
\pdfpages@includegraphics@status=\count331
\AM@pagebox=\box60
\AM@global@opts=\toks29
\AM@pagecnt=\count332
\AM@toc@title=\toks30
\c@AM@survey=\count333
\AM@templatesizebox=\box61
) (/usr/share/texlive/texmf-dist/tex/latex/appendix/appendix.sty
Package: appendix 2020/02/08 v1.2c extra appendix facilities
\c@@pps=\count334
\c@@ppsavesec=\count335
\c@@ppsaveapp=\count336
) (/usr/share/texlive/texmf-dist/tex/latex/float/float.sty
Package: float 2001/11/08 v1.3d Float enhancements (AL)
\c@float@type=\count337
\float@exts=\toks31
\float@box=\box62
\@float@everytoks=\toks32
\@floatcapt=\box63
) (/usr/share/texlive/texmf-dist/tex/latex/psnfss/pifont.sty
Package: pifont 2020/03/25 PSNFSS-v9.3 Pi font support (SPQR) 
LaTeX Font Info:    Trying to load font information for U+pzd on input line 63.
 (/usr/share/texlive/texmf-dist/tex/latex/psnfss/upzd.fd
File: upzd.fd 2001/06/04 font definitions for U/pzd.
)
LaTeX Font Info:    Trying to load font information for U+psy on input line 64.
 (/usr/share/texlive/texmf-dist/tex/latex/psnfss/upsy.fd
File: upsy.fd 2001/06/04 font definitions for U/psy.
)) (./brd3_golderarduino_report.aux

LaTeX Warning: Label `top' multiply defined.


LaTeX Warning: Label `top' multiply defined.


LaTeX Warning: Label `top' multiply defined.


LaTeX Warning: Label `top' multiply defined.


LaTeX Warning: Label `filterspecs' multiply defined.


LaTeX Warning: Label `filterspecs' multiply defined.


LaTeX Warning: Label `filterspecs' multiply defined.

)
\openout1 = `brd3_golderarduino_report.aux'.

LaTeX Font Info:    Checking defaults for OML/cmm/m/it on input line 15.
LaTeX Font Info:    ... okay on input line 15.
LaTeX Font Info:    Checking defaults for OMS/cmsy/m/n on input line 15.
LaTeX Font Info:    ... okay on input line 15.
LaTeX Font Info:    Checking defaults for OT1/cmr/m/n on input line 15.
LaTeX Font Info:    ... okay on input line 15.
LaTeX Font Info:    Checking defaults for T1/cmr/m/n on input line 15.
LaTeX Font Info:    ... okay on input line 15.
LaTeX Font Info:    Checking defaults for TS1/cmr/m/n on input line 15.
LaTeX Font Info:    ... okay on input line 15.
LaTeX Font Info:    Checking defaults for OMX/cmex/m/n on input line 15.
LaTeX Font Info:    ... okay on input line 15.
LaTeX Font Info:    Checking defaults for U/cmr/m/n on input line 15.
LaTeX Font Info:    ... okay on input line 15.
LaTeX Font Info:    Checking defaults for PD1/pdf/m/n on input line 15.
LaTeX Font Info:    ... okay on input line 15.
LaTeX Font Info:    Checking defaults for PU/pdf/m/n on input line 15.
LaTeX Font Info:    ... okay on input line 15.
Package hyperref Info: Link coloring ON on input line 15.
 (/usr/share/texlive/texmf-dist/tex/latex/hyperref/nameref.sty
Package: nameref 2021-04-02 v2.47 Cross-referencing by name of section
 (/usr/share/texlive/texmf-dist/tex/latex/refcount/refcount.sty
Package: refcount 2019/12/15 v3.6 Data extraction from label references (HO)
) (/usr/share/texlive/texmf-dist/tex/generic/gettitlestring/gettitlestring.sty
Package: gettitlestring 2019/12/15 v1.6 Cleanup title references (HO)
)
\c@section@level=\count338
)
LaTeX Info: Redefining \ref on input line 15.
LaTeX Info: Redefining \pageref on input line 15.
LaTeX Info: Redefining \nameref on input line 15.
 (./brd3_golderarduino_report.out) (./brd3_golderarduino_report.out)
\@outlinefile=\write5
\openout5 = `brd3_golderarduino_report.out'.

 (/usr/share/texlive/texmf-dist/tex/context/base/mkii/supp-pdf.mkii
[Loading MPS to PDF converter (version 2006.09.02).]
\scratchcounter=\count339
\scratchdimen=\dimen177
\scratchbox=\box64
\nofMPsegments=\count340
\nofMParguments=\count341
\everyMPshowfont=\toks33
\MPscratchCnt=\count342
\MPscratchDim=\dimen178
\MPnumerator=\count343
\makeMPintoPDFobject=\count344
\everyMPtoPDFconversion=\toks34
) (/usr/share/texlive/texmf-dist/tex/latex/epstopdf-pkg/epstopdf-base.sty
Package: epstopdf-base 2020-01-24 v2.11 Base part for package epstopdf
Package epstopdf-base Info: Redefining graphics rule for `.eps' on input line 485.
 (/usr/share/texlive/texmf-dist/tex/latex/latexconfig/epstopdf-sys.cfg
File: epstopdf-sys.cfg 2010/07/13 v1.3 Configuration of (r)epstopdf for TeX Live
))
\symgns@font=\mathgroup6
LaTeX Font Info:    Overwriting symbol font `gns@font' in version `bold'
(Font)                  TS1/cmr/m/n --> TS1/cmr/b/n on input line 15.
Package gensymb Info: Math companion symbols declared on input line 15.
LaTeX Info: Redefining \degree on input line 15.
LaTeX Info: Redefining \celsius on input line 15.
Package gensymb Info: Using text companion symbols for \degree, \celsius and \perthousand on input line 15.
LaTeX Info: Redefining \ohm on input line 15.
Package gensymb Info: Using \textohm for \ohm on input line 15.
Package gensymb Info: Using \textmu for \micro on input line 15.

*geometry* driver: auto-detecting
*geometry* detected driver: pdftex
*geometry* verbose mode - [ preamble ] result:
* driver: pdftex
* paper: a4paper
* layout: <same size as paper>
* layoutoffset:(h,v)=(0.0pt,0.0pt)
* modes: 
* h-part:(L,W,R)=(42.67912pt, 512.14963pt, 42.67912pt)
* v-part:(T,H,B)=(56.9055pt, 731.23584pt, 56.9055pt)
* \paperwidth=597.50787pt
* \paperheight=845.04684pt
* \textwidth=512.14963pt
* \textheight=731.23584pt
* \oddsidemargin=-29.59087pt
* \evensidemargin=-29.59087pt
* \topmargin=-52.36449pt
* \headheight=12.0pt
* \headsep=25.0pt
* \topskip=11.0pt
* \footskip=30.0pt
* \marginparwidth=50.0pt
* \marginparsep=10.0pt
* \columnsep=10.0pt
* \skip\footins=10.0pt plus 4.0pt minus 2.0pt
* \hoffset=0.0pt
* \voffset=0.0pt
* \mag=1000
* \@twocolumnfalse
* \@twosidefalse
* \@mparswitchfalse
* \@reversemarginfalse
* (1in=72.27pt=25.4mm, 1cm=28.453pt)

\c@lstlisting=\count345
(/usr/share/texlive/texmf-dist/tex/latex/pdflscape/pdflscape.sty
Package: pdflscape 2019/12/05 v0.12 Display of landscape pages in PDF (HO)
 (/usr/share/texlive/texmf-dist/tex/latex/graphics/lscape.sty
Package: lscape 2020/05/28 v3.02 Landscape Pages (DPC)
)
Package pdflscape Info: Auto-detected driver: pdftex on input line 81.
) (./content/title_page.tex
<figures/cu.png, id=72, 562.1pt x 401.5pt>
File: figures/cu.png Graphic file (type png)
<use figures/cu.png>
Package pdftex.def Info: figures/cu.png  used on input line 10.
(pdftex.def)             Requested size: 153.64644pt x 109.74812pt.
<figures/qr_download.png, id=74, 501.875pt x 501.875pt>
File: figures/qr_download.png Graphic file (type png)
<use figures/qr_download.png>
Package pdftex.def Info: figures/qr_download.png  used on input line 23.
(pdftex.def)             Requested size: 100.37321pt x 100.37321pt.
 [1
Non-PDF special ignored!
<special> header=psfrag.pro

{/var/lib/texmf/fonts/map/pdftex/updmap/pdftex.map} <./figures/cu.png> <./figures/qr_download.png>]) (./brd3_golderarduino_report.toc
LaTeX Font Info:    Trying to load font information for U+msa on input line 7.
 (/usr/share/texlive/texmf-dist/tex/latex/amsfonts/umsa.fd
File: umsa.fd 2013/01/14 v3.01 AMS symbols A
)
LaTeX Font Info:    Trying to load font information for U+msb on input line 7.
 (/usr/share/texlive/texmf-dist/tex/latex/amsfonts/umsb.fd
File: umsb.fd 2013/01/14 v3.01 AMS symbols B
))
\tf@toc=\write6
\openout6 = `brd3_golderarduino_report.toc'.

 (./brd3_golderarduino_report.lofpdfTeX warning (ext4): destination with the same identifier (name{page.1}) has been already used, duplicate ignored
<to be read again> 
                   \relax 
l.25 ...high pin for falling edge}}{27}{figure.25}
                                                  % [1])
\tf@lof=\write7
\openout7 = `brd3_golderarduino_report.lof'.

 (./brd3_golderarduino_report.lot)
\tf@lot=\write8
\openout8 = `brd3_golderarduino_report.lot'.

 [2]
Underfull \hbox (badness 10000) in paragraph at lines 33--34

 []


Underfull \hbox (badness 10000) in paragraph at lines 35--36

 []


Underfull \hbox (badness 10000) in paragraph at lines 37--38

 []

[3]
<figures/blockdiagram.png, id=237, 609.27625pt x 713.66624pt>
File: figures/blockdiagram.png Graphic file (type png)
<use figures/blockdiagram.png>
Package pdftex.def Info: figures/blockdiagram.png  used on input line 107.
(pdftex.def)             Requested size: 243.70618pt x 285.46143pt.
 [4] [5pdfTeX warning (ext4): destination with the same identifier (name{figure.1}) has been already used, duplicate ignored
<argument> ...shipout:D \box_use:N \l_shipout_box 
                                                  \__shipout_drop_firstpage_...
l.144 
       <./figures/blockdiagram.png>]
<figures/schematic.png, id=270, 988.69376pt x 814.04124pt>
File: figures/schematic.png Graphic file (type png)
<use figures/schematic.png>
Package pdftex.def Info: figures/schematic.png  used on input line 152.
(pdftex.def)             Requested size: 494.34567pt x 407.01962pt.

Underfull \hbox (badness 10000) in paragraph at lines 157--159

 []

[6pdfTeX warning (ext4): destination with the same identifier (name{table.1}) has been already used, duplicate ignored
<argument> ...shipout:D \box_use:N \l_shipout_box 
                                                  \__shipout_drop_firstpage_...
l.159 
      pdfTeX warning (ext4): destination with the same identifier (name{figure.2}) has been already used, duplicate ignored
<argument> ...shipout:D \box_use:N \l_shipout_box 
                                                  \__shipout_drop_firstpage_...
l.159 
       <./figures/schematic.png>]
Underfull \hbox (badness 10000) in paragraph at lines 160--161

 []


Underfull \hbox (badness 10000) in paragraph at lines 164--165

 []


Underfull \hbox (badness 10000) in paragraph at lines 167--169

 []


Underfull \hbox (badness 10000) in paragraph at lines 171--173

 []


Underfull \hbox (badness 10000) in paragraph at lines 175--177

 []


Underfull \hbox (badness 10000) in paragraph at lines 179--181

 []

[7]
Underfull \hbox (badness 10000) in paragraph at lines 183--185

 []

[8]
<figures/breadboard.jpg, id=295, 2802.47pt x 2010.51125pt>
File: figures/breadboard.jpg Graphic file (type jpg)
<use figures/breadboard.jpg>
Package pdftex.def Info: figures/breadboard.jpg  used on input line 208.
(pdftex.def)             Requested size: 420.35237pt x 301.56367pt.
<figures/breadboard_des.png, id=296, 1906.12125pt x 805.0075pt>
File: figures/breadboard_des.png Graphic file (type png)
<use figures/breadboard_des.png>
Package pdftex.def Info: figures/breadboard_des.png  used on input line 215.
(pdftex.def)             Requested size: 476.52914pt x 201.25139pt.

Underfull \hbox (badness 10000) in paragraph at lines 220--221

 []

<figures/pcb/overall_pcb.png, id=297, 628.3475pt x 734.745pt>
File: figures/pcb/overall_pcb.png Graphic file (type png)
<use figures/pcb/overall_pcb.png>
Package pdftex.def Info: figures/pcb/overall_pcb.png  used on input line 225.
(pdftex.def)             Requested size: 377.0114pt x 440.85039pt.

Underfull \hbox (badness 10000) in paragraph at lines 222--228

 []

[9pdfTeX warning (ext4): destination with the same identifier (name{figure.3}) has been already used, duplicate ignored
<argument> ...shipout:D \box_use:N \l_shipout_box 
                                                  \__shipout_drop_firstpage_...
l.229 
      pdfTeX warning (ext4): destination with the same identifier (name{figure.4}) has been already used, duplicate ignored
<argument> ...shipout:D \box_use:N \l_shipout_box 
                                                  \__shipout_drop_firstpage_...
l.229 
       <./figures/breadboard.jpg> <./figures/breadboard_des.png>]
<figures/pcb/top_layer.png, id=303, 625.33624pt x 752.8125pt>
File: figures/pcb/top_layer.png Graphic file (type png)
<use figures/pcb/top_layer.png>
Package pdftex.def Info: figures/pcb/top_layer.png  used on input line 232.
(pdftex.def)             Requested size: 375.20464pt x 451.69098pt.
 [10pdfTeX warning (ext4): destination with the same identifier (name{figure.5}) has been already used, duplicate ignored
<argument> ...shipout:D \box_use:N \l_shipout_box 
                                                  \__shipout_drop_firstpage_...
l.236 
       <./figures/pcb/overall_pcb.png>]
<figures/pcb/bottom_layer.png, id=309, 624.3325pt x 737.75626pt>
File: figures/pcb/bottom_layer.png Graphic file (type png)
<use figures/pcb/bottom_layer.png>
Package pdftex.def Info: figures/pcb/bottom_layer.png  used on input line 239.
(pdftex.def)             Requested size: 374.60239pt x 442.65717pt.
 [11pdfTeX warning (ext4): destination with the same identifier (name{figure.6}) has been already used, duplicate ignored
<argument> ...shipout:D \box_use:N \l_shipout_box 
                                                  \__shipout_drop_firstpage_...
l.243 
       <./figures/pcb/top_layer.png>]
<figures/pcb/3d.png, id=315, 518.93875pt x 629.35126pt>
File: figures/pcb/3d.png Graphic file (type png)
<use figures/pcb/3d.png>
Package pdftex.def Info: figures/pcb/3d.png  used on input line 246.
(pdftex.def)             Requested size: 311.36565pt x 377.61366pt.
 [12pdfTeX warning (ext4): destination with the same identifier (name{figure.7}) has been already used, duplicate ignored
<argument> ...shipout:D \box_use:N \l_shipout_box 
                                                  \__shipout_drop_firstpage_...
l.250 
       <./figures/pcb/bottom_layer.png>]
Underfull \hbox (badness 10000) in paragraph at lines 253--254

 []

<figures/without_component.jpg, id=322, 1970.36125pt x 2255.42625pt>
File: figures/without_component.jpg Graphic file (type jpg)
<use figures/without_component.jpg>
Package pdftex.def Info: figures/without_component.jpg  used on input line 257.
(pdftex.def)             Requested size: 492.58911pt x 563.8552pt.
[13pdfTeX warning (ext4): destination with the same identifier (name{figure.8}) has been already used, duplicate ignored
<argument> ...shipout:D \box_use:N \l_shipout_box 
                                                  \__shipout_drop_firstpage_...
l.261 
       <./figures/pcb/3d.png>]
<figures/with_component.jpg, id=328, 2087.8pt x 2433.09pt>
File: figures/with_component.jpg Graphic file (type jpg)
<use figures/with_component.jpg>
Package pdftex.def Info: figures/with_component.jpg  used on input line 264.
(pdftex.def)             Requested size: 417.55261pt x 486.60938pt.
 [14pdfTeX warning (ext4): destination with the same identifier (name{figure.9}) has been already used, duplicate ignored
<argument> ...shipout:D \box_use:N \l_shipout_box 
                                                  \__shipout_drop_firstpage_...
l.267 
       <./figures/without_component.jpg>]
<figures/working_board.jpg, id=333, 1830.84pt x 2910.875pt>
File: figures/working_board.jpg Graphic file (type jpg)
<use figures/working_board.jpg>
Package pdftex.def Info: figures/working_board.jpg  used on input line 270.
(pdftex.def)             Requested size: 366.16151pt x 582.1647pt.
 [15pdfTeX warning (ext4): destination with the same identifier (name{figure.10}) has been already used, duplicate ignored
<argument> ...shipout:D \box_use:N \l_shipout_box 
                                                  \__shipout_drop_firstpage_...
l.273 
       <./figures/with_component.jpg>]
<figures/usb.jpg, id=338, 1346.02875pt x 371.3875pt>
File: figures/usb.jpg Graphic file (type jpg)
<use figures/usb.jpg>
Package pdftex.def Info: figures/usb.jpg  used on input line 277.
(pdftex.def)             Requested size: 471.11713pt x 129.98756pt.
 [16pdfTeX warning (ext4): destination with the same identifier (name{figure.11}) has been already used, duplicate ignored
<argument> ...shipout:D \box_use:N \l_shipout_box 
                                                  \__shipout_drop_firstpage_...
l.280 
       <./figures/working_board.jpg>]
<figures/arduino_shield.jpg, id=343, 2256.43pt x 2138.99126pt>
File: figures/arduino_shield.jpg Graphic file (type jpg)
<use figures/arduino_shield.jpg>
Package pdftex.def Info: figures/arduino_shield.jpg  used on input line 286.
(pdftex.def)             Requested size: 451.27802pt x 427.79068pt.
 [17pdfTeX warning (ext4): destination with the same identifier (name{figure.12}) has been already used, duplicate ignored
<argument> ...shipout:D \box_use:N \l_shipout_box 
                                                  \__shipout_drop_firstpage_...
l.298 		      \item T
                     he power from the barrel jack and USB connector is rout...pdfTeX warning (ext4): destination with the same identifier (name{figure.13}) has been already used, duplicate ignored
<argument> ...shipout:D \box_use:N \l_shipout_box 
                                                  \__shipout_drop_firstpage_...
l.298 		      \item T
                     he power from the barrel jack and USB connector is rout... <./figures/usb.jpg> <./figures/arduino_shield.jpg>]
<figures/bootload1.png, id=349, 792.9625pt x 533.995pt>
File: figures/bootload1.png Graphic file (type png)
<use figures/bootload1.png>
Package pdftex.def Info: figures/bootload1.png  used on input line 344.
(pdftex.def)             Requested size: 475.78116pt x 320.39948pt.
 [18]
Underfull \hbox (badness 10000) in paragraph at lines 348--354

 []

<figures/bootload_error.png, id=363, 611.28375pt x 167.62625pt>
File: figures/bootload_error.png Graphic file (type png)
<use figures/bootload_error.png>
Package pdftex.def Info: figures/bootload_error.png  used on input line 363.
(pdftex.def)             Requested size: 366.77307pt x 100.5765pt.

Underfull \hbox (badness 10000) in paragraph at lines 357--365

 []

[19pdfTeX warning (ext4): destination with the same identifier (name{figure.14}) has been already used, duplicate ignored
<argument> ...shipout:D \box_use:N \l_shipout_box 
                                                  \__shipout_drop_firstpage_...
l.366 
       <./figures/bootload1.png (PNG copy)>]
Underfull \hbox (badness 10000) in paragraph at lines 367--368

 []

LaTeX Font Info:    Trying to load font information for OMS+cmr on input line 391.
(/usr/share/texlive/texmf-dist/tex/latex/base/omscmr.fd
File: omscmr.fd 2019/12/16 v2.5j Standard LaTeX font definitions
)
LaTeX Font Info:    Font shape `OMS/cmr/m/n' in size <10.95> not available
(Font)              Font shape `OMS/cmsy/m/n' tried instead on input line 391.

Overfull \hbox (60.5411pt too wide) in paragraph at lines 398--399
[][][][][][][][][][][][][][][][][][][][][][][][][][][][][][][][][][][][][] 
 []


Overfull \hbox (53.97104pt too wide) in paragraph at lines 400--401
[][][][][][][][][][][][][][][][][][][][][][][][][][][][][][][][][][][] 
 []

[20pdfTeX warning (ext4): destination with the same identifier (name{figure.15}) has been already used, duplicate ignored
<argument> ...shipout:D \box_use:N \l_shipout_box 
                                                  \__shipout_drop_firstpage_...
l.417 void 
           loop() { <./figures/bootload_error.png (PNG copy)>]
<figures/output.png, id=393, 803.0pt x 481.8pt>
File: figures/output.png Graphic file (type png)
<use figures/output.png>
Package pdftex.def Info: figures/output.png  used on input line 441.
(pdftex.def)             Requested size: 481.80373pt x 289.08221pt.
<figures/drop.png, id=394, 803.0pt x 481.8pt>
File: figures/drop.png Graphic file (type png)
<use figures/drop.png>
Package pdftex.def Info: figures/drop.png  used on input line 450.
(pdftex.def)             Requested size: 481.80373pt x 289.08221pt.
 [21pdfTeX warning (ext4): destination with the same identifier (name{figure.16}) has been already used, duplicate ignored
<argument> ...shipout:D \box_use:N \l_shipout_box 
                                                  \__shipout_drop_firstpage_...
l.453 		            T
                     he screenshot above depicts the voltage drop across a 4... <./figures/output.png (PNG copy)>]
<figures/commercial_ard/d13_trig_ql.png, id=418, 803.0pt x 513.92pt>
File: figures/commercial_ard/d13_trig_ql.png Graphic file (type png)
<use figures/commercial_ard/d13_trig_ql.png>
Package pdftex.def Info: figures/commercial_ard/d13_trig_ql.png  used on input line 469.
(pdftex.def)             Requested size: 481.80373pt x 308.35437pt.
 [22pdfTeX warning (ext4): destination with the same identifier (name{figure.17}) has been already used, duplicate ignored
<argument> ...shipout:D \box_use:N \l_shipout_box 
                                                  \__shipout_drop_firstpage_...
l.472 
       <./figures/drop.png (PNG copy)>]
<figures/commercial_ard/d13_trig_ql_fall.png, id=426, 803.0pt x 513.92pt>
File: figures/commercial_ard/d13_trig_ql_fall.png Graphic file (type png)
<use figures/commercial_ard/d13_trig_ql_fall.png>
Package pdftex.def Info: figures/commercial_ard/d13_trig_ql_fall.png  used on input line 475.
(pdftex.def)             Requested size: 481.80373pt x 308.35437pt.
<figures/commercial_ard/d13_trig_qh_rise.png, id=427, 803.0pt x 513.92pt>
File: figures/commercial_ard/d13_trig_qh_rise.png Graphic file (type png)
<use figures/commercial_ard/d13_trig_qh_rise.png>
Package pdftex.def Info: figures/commercial_ard/d13_trig_qh_rise.png  used on input line 481.
(pdftex.def)             Requested size: 481.80373pt x 308.35437pt.
 [23pdfTeX warning (ext4): destination with the same identifier (name{figure.18}) has been already used, duplicate ignored
<argument> ...shipout:D \box_use:N \l_shipout_box 
                                                  \__shipout_drop_firstpage_...
l.484 
      pdfTeX warning (ext4): destination with the same identifier (name{figure.19}) has been already used, duplicate ignored
<argument> ...shipout:D \box_use:N \l_shipout_box 
                                                  \__shipout_drop_firstpage_...
l.484 
       <./figures/commercial_ard/d13_trig_ql.png (PNG copy)> <./figures/commercial_ard/d13_trig_ql_fall.png (PNG copy)>]
<figures/my_ard/d13_trig_qh_fall.png, id=432, 803.0pt x 513.92pt>
File: figures/my_ard/d13_trig_qh_fall.png Graphic file (type png)
<use figures/my_ard/d13_trig_qh_fall.png>
Package pdftex.def Info: figures/my_ard/d13_trig_qh_fall.png  used on input line 489.
(pdftex.def)             Requested size: 481.80373pt x 308.35437pt.
 [24pdfTeX warning (ext4): destination with the same identifier (name{figure.20}) has been already used, duplicate ignored
<argument> ...shipout:D \box_use:N \l_shipout_box 
                                                  \__shipout_drop_firstpage_...
l.494 		      \item G
                     olden Arduino:pdfTeX warning (ext4): destination with the same identifier (name{figure.21}) has been already used, duplicate ignored
<argument> ...shipout:D \box_use:N \l_shipout_box 
                                                  \__shipout_drop_firstpage_...
l.494 		      \item G
                     olden Arduino: <./figures/commercial_ard/d13_trig_qh_rise.png (PNG copy)> <./figures/my_ard/d13_trig_qh_fall.png (PNG copy)>]
<figures/my_ard/d13_trig_ql_rise.png, id=438, 803.0pt x 513.92pt>
File: figures/my_ard/d13_trig_ql_rise.png Graphic file (type png)
<use figures/my_ard/d13_trig_ql_rise.png>
Package pdftex.def Info: figures/my_ard/d13_trig_ql_rise.png  used on input line 498.
(pdftex.def)             Requested size: 481.80373pt x 308.35437pt.
<figures/my_ard/d13_trig_ql_fall.png, id=439, 803.0pt x 513.92pt>
File: figures/my_ard/d13_trig_ql_fall.png Graphic file (type png)
<use figures/my_ard/d13_trig_ql_fall.png>
Package pdftex.def Info: figures/my_ard/d13_trig_ql_fall.png  used on input line 504.
(pdftex.def)             Requested size: 481.80373pt x 308.35437pt.
 [25pdfTeX warning (ext4): destination with the same identifier (name{figure.22}) has been already used, duplicate ignored
<argument> ...shipout:D \box_use:N \l_shipout_box 
                                                  \__shipout_drop_firstpage_...
l.507 
       <./figures/my_ard/d13_trig_ql_rise.png (PNG copy)>]
<figures/my_ard/d13_trig_qh_rise.png, id=444, 803.0pt x 513.92pt>
File: figures/my_ard/d13_trig_qh_rise.png Graphic file (type png)
<use figures/my_ard/d13_trig_qh_rise.png>
Package pdftex.def Info: figures/my_ard/d13_trig_qh_rise.png  used on input line 510.
(pdftex.def)             Requested size: 481.80373pt x 308.35437pt.
<figures/commercial_ard/d13_trig_qh_fall.png, id=445, 803.0pt x 513.92pt>
File: figures/commercial_ard/d13_trig_qh_fall.png Graphic file (type png)
<use figures/commercial_ard/d13_trig_qh_fall.png>
Package pdftex.def Info: figures/commercial_ard/d13_trig_qh_fall.png  used on input line 516.
(pdftex.def)             Requested size: 481.80373pt x 308.35437pt.
 [26pdfTeX warning (ext4): destination with the same identifier (name{figure.23}) has been already used, duplicate ignored
<argument> ...shipout:D \box_use:N \l_shipout_box 
                                                  \__shipout_drop_firstpage_...
l.519 		
        pdfTeX warning (ext4): destination with the same identifier (name{figure.24}) has been already used, duplicate ignored
<argument> ...shipout:D \box_use:N \l_shipout_box 
                                                  \__shipout_drop_firstpage_...
l.519 		
         <./figures/my_ard/d13_trig_ql_fall.png (PNG copy)> <./figures/my_ard/d13_trig_qh_rise.png (PNG copy)>]
<figures/my_ard/d13_trig_power_qh.png, id=450, 803.0pt x 513.92pt>
File: figures/my_ard/d13_trig_power_qh.png Graphic file (type png)
<use figures/my_ard/d13_trig_power_qh.png>
Package pdftex.def Info: figures/my_ard/d13_trig_power_qh.png  used on input line 562.
(pdftex.def)             Requested size: 481.80373pt x 308.35437pt.
 [27pdfTeX warning (ext4): destination with the same identifier (name{figure.25}) has been already used, duplicate ignored
<argument> ...shipout:D \box_use:N \l_shipout_box 
                                                  \__shipout_drop_firstpage_...
l.565 
      pdfTeX warning (ext4): destination with the same identifier (name{table.2}) has been already used, duplicate ignored
<argument> ...shipout:D \box_use:N \l_shipout_box 
                                                  \__shipout_drop_firstpage_...
l.565 
       <./figures/commercial_ard/d13_trig_qh_fall.png (PNG copy)>]
<figures/my_ard/power_qh_fall.png, id=456, 803.0pt x 513.92pt>
File: figures/my_ard/power_qh_fall.png Graphic file (type png)
<use figures/my_ard/power_qh_fall.png>
Package pdftex.def Info: figures/my_ard/power_qh_fall.png  used on input line 568.
(pdftex.def)             Requested size: 481.80373pt x 308.35437pt.
<figures/commercial_ard/power_qh_rising.png, id=457, 803.0pt x 513.92pt>
File: figures/commercial_ard/power_qh_rising.png Graphic file (type png)
<use figures/commercial_ard/power_qh_rising.png>
Package pdftex.def Info: figures/commercial_ard/power_qh_rising.png  used on input line 576.
(pdftex.def)             Requested size: 481.80373pt x 308.35437pt.
 [28pdfTeX warning (ext4): destination with the same identifier (name{figure.26}) has been already used, duplicate ignored
<argument> ...shipout:D \box_use:N \l_shipout_box 
                                                  \__shipout_drop_firstpage_...
l.579 
      pdfTeX warning (ext4): destination with the same identifier (name{figure.27}) has been already used, duplicate ignored
<argument> ...shipout:D \box_use:N \l_shipout_box 
                                                  \__shipout_drop_firstpage_...
l.579 
       <./figures/my_ard/d13_trig_power_qh.png (PNG copy)> <./figures/my_ard/power_qh_fall.png (PNG copy)>]
<figures/commercial_ard/power_qh_falling.png, id=462, 803.0pt x 513.92pt>
File: figures/commercial_ard/power_qh_falling.png Graphic file (type png)
<use figures/commercial_ard/power_qh_falling.png>
Package pdftex.def Info: figures/commercial_ard/power_qh_falling.png  used on input line 582.
(pdftex.def)             Requested size: 481.80373pt x 308.35437pt.
 [29pdfTeX warning (ext4): destination with the same identifier (name{figure.28}) has been already used, duplicate ignored
<argument> ...shipout:D \box_use:N \l_shipout_box 
                                                  \__shipout_drop_firstpage_...
l.610 \end{table}
                 pdfTeX warning (ext4): destination with the same identifier (name{figure.29}) has been already used, duplicate ignored
<argument> ...shipout:D \box_use:N \l_shipout_box 
                                                  \__shipout_drop_firstpage_...
l.610 \end{table}
                  <./figures/commercial_ard/power_qh_rising.png (PNG copy)> <./figures/commercial_ard/power_qh_falling.png (PNG copy)>]
<figures/commercial_ard/rising_slammer.png, id=467, 803.0pt x 513.92pt>
File: figures/commercial_ard/rising_slammer.png Graphic file (type png)
<use figures/commercial_ard/rising_slammer.png>
Package pdftex.def Info: figures/commercial_ard/rising_slammer.png  used on input line 618.
(pdftex.def)             Requested size: 481.80373pt x 308.35437pt.
<figures/commercial_ard/falling_slammer.png, id=468, 803.0pt x 513.92pt>
File: figures/commercial_ard/falling_slammer.png Graphic file (type png)
<use figures/commercial_ard/falling_slammer.png>
Package pdftex.def Info: figures/commercial_ard/falling_slammer.png  used on input line 624.
(pdftex.def)             Requested size: 481.80373pt x 308.35437pt.
 [30pdfTeX warning (ext4): destination with the same identifier (name{table.3}) has been already used, duplicate ignored
<argument> ...shipout:D \box_use:N \l_shipout_box 
                                                  \__shipout_drop_firstpage_...
l.627 
      pdfTeX warning (ext4): destination with the same identifier (name{figure.30}) has been already used, duplicate ignored
<argument> ...shipout:D \box_use:N \l_shipout_box 
                                                  \__shipout_drop_firstpage_...
l.627 
       <./figures/commercial_ard/rising_slammer.png (PNG copy)>]
<figures/my_ard/slammer_rise.png, id=475, 803.0pt x 513.92pt>
File: figures/my_ard/slammer_rise.png Graphic file (type png)
<use figures/my_ard/slammer_rise.png>
Package pdftex.def Info: figures/my_ard/slammer_rise.png  used on input line 631.
(pdftex.def)             Requested size: 481.80373pt x 308.35437pt.
<figures/my_ard/slammer_fall.png, id=476, 803.0pt x 513.92pt>
File: figures/my_ard/slammer_fall.png Graphic file (type png)
<use figures/my_ard/slammer_fall.png>
Package pdftex.def Info: figures/my_ard/slammer_fall.png  used on input line 637.
(pdftex.def)             Requested size: 481.80373pt x 308.35437pt.
 [31pdfTeX warning (ext4): destination with the same identifier (name{figure.31}) has been already used, duplicate ignored
<argument> ...shipout:D \box_use:N \l_shipout_box 
                                                  \__shipout_drop_firstpage_...
l.640 
      pdfTeX warning (ext4): destination with the same identifier (name{figure.32}) has been already used, duplicate ignored
<argument> ...shipout:D \box_use:N \l_shipout_box 
                                                  \__shipout_drop_firstpage_...
l.640 
       <./figures/commercial_ard/falling_slammer.png (PNG copy)> <./figures/my_ard/slammer_rise.png (PNG copy)>]
<figures/commercial_ard/nfe_rise.png, id=481, 803.0pt x 513.92pt>
File: figures/commercial_ard/nfe_rise.png Graphic file (type png)
<use figures/commercial_ard/nfe_rise.png>
Package pdftex.def Info: figures/commercial_ard/nfe_rise.png  used on input line 675.
(pdftex.def)             Requested size: 481.80373pt x 308.35437pt.
<figures/commercial_ard/nfe_fall.png, id=482, 803.0pt x 513.92pt>
File: figures/commercial_ard/nfe_fall.png Graphic file (type png)
<use figures/commercial_ard/nfe_fall.png>
Package pdftex.def Info: figures/commercial_ard/nfe_fall.png  used on input line 681.
(pdftex.def)             Requested size: 481.80373pt x 308.35437pt.
 [32pdfTeX warning (ext4): destination with the same identifier (name{figure.33}) has been already used, duplicate ignored
<argument> ...shipout:D \box_use:N \l_shipout_box 
                                                  \__shipout_drop_firstpage_...
l.683 		            \end{figure}
                                pdfTeX warning (ext4): destination with the same identifier (name{table.4}) has been already used, duplicate ignored
<argument> ...shipout:D \box_use:N \l_shipout_box 
                                                  \__shipout_drop_firstpage_...
l.683 		            \end{figure}
                                 <./figures/my_ard/slammer_fall.png (PNG copy)>]
<figures/my_ard/nfe_fall.png, id=488, 803.0pt x 513.92pt>
File: figures/my_ard/nfe_fall.png Graphic file (type png)
<use figures/my_ard/nfe_fall.png>
Package pdftex.def Info: figures/my_ard/nfe_fall.png  used on input line 687.
(pdftex.def)             Requested size: 481.80373pt x 308.35437pt.
 [33pdfTeX warning (ext4): destination with the same identifier (name{figure.34}) has been already used, duplicate ignored
<argument> ...shipout:D \box_use:N \l_shipout_box 
                                                  \__shipout_drop_firstpage_...
l.690 
      pdfTeX warning (ext4): destination with the same identifier (name{figure.35}) has been already used, duplicate ignored
<argument> ...shipout:D \box_use:N \l_shipout_box 
                                                  \__shipout_drop_firstpage_...
l.690 
       <./figures/commercial_ard/nfe_rise.png (PNG copy)> <./figures/commercial_ard/nfe_fall.png (PNG copy)>]
<figures/my_ard/nfe_rise.png, id=493, 803.0pt x 513.92pt>
File: figures/my_ard/nfe_rise.png Graphic file (type png)
<use figures/my_ard/nfe_rise.png>
Package pdftex.def Info: figures/my_ard/nfe_rise.png  used on input line 693.
(pdftex.def)             Requested size: 481.80373pt x 308.35437pt.
 [34pdfTeX warning (ext4): destination with the same identifier (name{figure.36}) has been already used, duplicate ignored
<argument> ...shipout:D \box_use:N \l_shipout_box 
                                                  \__shipout_drop_firstpage_...
l.702 
      pdfTeX warning (ext4): destination with the same identifier (name{figure.37}) has been already used, duplicate ignored
<argument> ...shipout:D \box_use:N \l_shipout_box 
                                                  \__shipout_drop_firstpage_...
l.702 
       <./figures/my_ard/nfe_fall.png (PNG copy)> <./figures/my_ard/nfe_rise.png (PNG copy)>]
<figures/inrush.png, id=498, 803.0pt x 513.92pt>
File: figures/inrush.png Graphic file (type png)
<use figures/inrush.png>
Package pdftex.def Info: figures/inrush.png  used on input line 729.
(pdftex.def)             Requested size: 481.80373pt x 308.35437pt.

Underfull \hbox (badness 10000) in paragraph at lines 733--734

 []


Underfull \hbox (badness 10000) in paragraph at lines 735--739

 []

<figures/TX_of_ARDUINO.png, id=499, 803.0pt x 481.8pt>
File: figures/TX_of_ARDUINO.png Graphic file (type png)
<use figures/TX_of_ARDUINO.png>
Package pdftex.def Info: figures/TX_of_ARDUINO.png  used on input line 742.
(pdftex.def)             Requested size: 481.80373pt x 289.08221pt.
[35pdfTeX warning (ext4): destination with the same identifier (name{table.5}) has been already used, duplicate ignored
<argument> ...shipout:D \box_use:N \l_shipout_box 
                                                  \__shipout_drop_firstpage_...
l.745 
      pdfTeX warning (ext4): destination with the same identifier (name{figure.38}) has been already used, duplicate ignored
<argument> ...shipout:D \box_use:N \l_shipout_box 
                                                  \__shipout_drop_firstpage_...
l.745 
       <./figures/inrush.png (PNG copy)>]
<figures/RX_of_ARDUINO.png, id=506, 803.0pt x 481.8pt>
File: figures/RX_of_ARDUINO.png Graphic file (type png)
<use figures/RX_of_ARDUINO.png>
Package pdftex.def Info: figures/RX_of_ARDUINO.png  used on input line 748.
(pdftex.def)             Requested size: 481.80373pt x 289.08221pt.
<figures/d-.png, id=507, 803.0pt x 481.8pt>
File: figures/d-.png Graphic file (type png)
<use figures/d-.png>
Package pdftex.def Info: figures/d-.png  used on input line 756.
(pdftex.def)             Requested size: 481.80373pt x 289.08221pt.
 [36pdfTeX warning (ext4): destination with the same identifier (name{figure.39}) has been already used, duplicate ignored
<argument> ...shipout:D \box_use:N \l_shipout_box 
                                                  \__shipout_drop_firstpage_...
l.758 	\end{figure}
                   pdfTeX warning (ext4): destination with the same identifier (name{figure.40}) has been already used, duplicate ignored
<argument> ...shipout:D \box_use:N \l_shipout_box 
                                                  \__shipout_drop_firstpage_...
l.758 	\end{figure}
                    <./figures/TX_of_ARDUINO.png (PNG copy)> <./figures/RX_of_arduino.png (PNG copy)>]
<figures/reset.png, id=513, 803.0pt x 481.8pt>
File: figures/reset.png Graphic file (type png)
<use figures/reset.png>
Package pdftex.def Info: figures/reset.png  used on input line 765.
(pdftex.def)             Requested size: 481.80373pt x 289.08221pt.
 [37pdfTeX warning (ext4): destination with the same identifier (name{figure.41}) has been already used, duplicate ignored
<argument> ...shipout:D \box_use:N \l_shipout_box 
                                                  \__shipout_drop_firstpage_...
l.768 	
        <./figures/d-.png (PNG copy)>]
<figures/oscillator_16Mhz.png, id=520, 803.0pt x 481.8pt>
File: figures/oscillator_16Mhz.png Graphic file (type png)
<use figures/oscillator_16Mhz.png>
Package pdftex.def Info: figures/oscillator_16Mhz.png  used on input line 774.
(pdftex.def)             Requested size: 481.80373pt x 289.08221pt.
 [38pdfTeX warning (ext4): destination with the same identifier (name{figure.42}) has been already used, duplicate ignored
<argument> ...shipout:D \box_use:N \l_shipout_box 
                                                  \__shipout_drop_firstpage_...
l.779 \end{enumerate}
                     pdfTeX warning (ext4): destination with the same identifier (name{figure.43}) has been already used, duplicate ignored
<argument> ...shipout:D \box_use:N \l_shipout_box 
                                                  \__shipout_drop_firstpage_...
l.779 \end{enumerate}
                      <./figures/reset.png (PNG copy)> <./figures/oscillator_16Mhz.png (PNG copy)>] [39pdfTeX warning (ext4): destination with the same identifier (name{table.6}) has been already used, duplicate ignored
<argument> ...shipout:D \box_use:N \l_shipout_box 
                                                  \__shipout_drop_firstpage_...
l.883 
      ]
<figures/error.png, id=534, 1150.2975pt x 597.23125pt>
File: figures/error.png Graphic file (type png)
<use figures/error.png>
Package pdftex.def Info: figures/error.png  used on input line 890.
(pdftex.def)             Requested size: 460.11086pt x 238.88826pt.
 [40pdfTeX warning (ext4): destination with the same identifier (name{table.7}) has been already used, duplicate ignored
<argument> ...shipout:D \box_use:N \l_shipout_box 
                                                  \__shipout_drop_firstpage_...
l.904 	\item N
              oise reduction techniques: The project showcased effective noi...pdfTeX warning (ext4): destination with the same identifier (name{figure.44}) has been already used, duplicate ignored
<argument> ...shipout:D \box_use:N \l_shipout_box 
                                                  \__shipout_drop_firstpage_...
l.904 	\item N
              oise reduction techniques: The project showcased effective noi... <./figures/error.png>] [41] [42] (./brd3_golderarduino_report.aux)

LaTeX Warning: There were multiply-defined labels.

Package rerunfilecheck Info: File `brd3_golderarduino_report.out' has not changed.
(rerunfilecheck)             Checksum: 4409A9D76AABFCFFB615746A6E922EC5;2347.
 ) 
Here is how much of TeX's memory you used:
 16164 strings out of 478287
 250925 string characters out of 5849289
 559695 words of memory out of 5000000
 33792 multiletter control sequences out of 15000+600000
 478145 words of font info for 59 fonts, out of 8000000 for 9000
 1141 hyphenation exceptions out of 8191
 68i,14n,77p,595b,1756s stack positions out of 5000i,500n,10000p,200000b,80000s
{/usr/share/texmf/fonts/enc/dvips/cm-super/cm-super-ts1.enc}</usr/share/texlive/texmf-dist/fonts/type1/public/amsfonts/cm/cmbx10.pfb></usr/share/texlive/texmf-dist/fonts/type1/public/amsfonts/cm/cmbx12.pfb></usr/share/texlive/texmf-dist/fonts/type1/public/amsfonts/cm/cmbxti10.pfb></usr/share/texlive/texmf-dist/fonts/type1/public/amsfonts/cm/cmmi10.pfb></usr/share/texlive/texmf-dist/fonts/type1/public/amsfonts/cm/cmr10.pfb></usr/share/texlive/texmf-dist/fonts/type1/public/amsfonts/cm/cmr12.pfb></usr/share/texlive/texmf-dist/fonts/type1/public/amsfonts/cm/cmsy10.pfb></usr/share/texlive/texmf-dist/fonts/type1/public/amsfonts/cm/cmti10.pfb></usr/share/texmf/fonts/type1/public/cm-super/sfrm1095.pfb></usr/share/texlive/texmf-dist/fonts/type1/urw/zapfding/uzdr.pfb>
Output written on brd3_golderarduino_report.pdf (43 pages, 18488999 bytes).
PDF statistics:
 662 PDF objects out of 1000 (max. 8388607)
 538 compressed objects within 6 object streams
 236 named destinations out of 1000 (max. 500000)
 367 words of extra memory for PDF output out of 10000 (max. 10000000)

